[0.809s] DEBUG:colcon:Command line arguments: ['/usr/bin/colcon', 'build']
[0.809s] DEBUG:colcon:Parsed command line arguments: Namespace(log_base=None, log_level=None, verb_name='build', build_base='build', install_base='install', merge_install=False, symlink_install=False, test_result_base=None, continue_on_error=False, executor='parallel', parallel_workers=3, event_handlers=None, ignore_user_meta=False, metas=['./colcon.meta'], base_paths=['.'], packages_ignore=None, packages_ignore_regex=None, paths=None, packages_up_to=None, packages_up_to_regex=None, packages_above=None, packages_above_and_dependencies=None, packages_above_depth=None, packages_select_by_dep=None, packages_skip_by_dep=None, packages_skip_up_to=None, packages_select_build_failed=False, packages_skip_build_finished=False, packages_select_test_failures=False, packages_skip_test_passed=False, packages_select=None, packages_skip=None, packages_select_regex=None, packages_skip_regex=None, packages_start=None, packages_end=None, allow_overriding=[], cmake_args=None, cmake_target=None, cmake_target_skip_unavailable=False, cmake_clean_cache=False, cmake_clean_first=False, cmake_force_configure=False, ament_cmake_args=None, catkin_cmake_args=None, catkin_skip_building_tests=False, mixin_files=None, mixin=None, verb_parser=<colcon_mixin.mixin.mixin_argument.MixinArgumentDecorator object at 0x7a69f5919f60>, verb_extension=<colcon_core.verb.build.BuildVerb object at 0x7a69f5919960>, main=<bound method BuildVerb.main of <colcon_core.verb.build.BuildVerb object at 0x7a69f5919960>>, mixin_verb=('build',))
[2.395s] Level 1:colcon.colcon_core.package_discovery:discover_packages(colcon_meta) check parameters
[2.395s] Level 1:colcon.colcon_core.package_discovery:discover_packages(recursive) check parameters
[2.395s] Level 1:colcon.colcon_core.package_discovery:discover_packages(ignore) check parameters
[2.395s] Level 1:colcon.colcon_core.package_discovery:discover_packages(path) check parameters
[2.395s] Level 1:colcon.colcon_core.package_discovery:discover_packages(colcon_meta) discover
[2.395s] Level 1:colcon.colcon_core.package_discovery:discover_packages(recursive) discover
[2.395s] INFO:colcon.colcon_core.package_discovery:Crawling recursively for packages in '/home/tarikul69/ros2_project/src/project_01'
[2.395s] Level 1:colcon.colcon_core.package_identification:_identify(.) by extensions ['ignore', 'ignore_ament_install']
[2.396s] Level 1:colcon.colcon_core.package_identification:_identify(.) by extension 'ignore'
[2.396s] Level 1:colcon.colcon_core.package_identification:_identify(.) by extension 'ignore_ament_install'
[2.396s] Level 1:colcon.colcon_core.package_identification:_identify(.) by extensions ['colcon_pkg']
[2.396s] Level 1:colcon.colcon_core.package_identification:_identify(.) by extension 'colcon_pkg'
[2.396s] Level 1:colcon.colcon_core.package_identification:_identify(.) by extensions ['colcon_meta']
[2.396s] Level 1:colcon.colcon_core.package_identification:_identify(.) by extension 'colcon_meta'
[2.396s] Level 1:colcon.colcon_core.package_identification:_identify(.) by extensions ['ros']
[2.396s] Level 1:colcon.colcon_core.package_identification:_identify(.) by extension 'ros'
[2.493s] DEBUG:colcon.colcon_core.package_identification:Package '.' with type 'ros.ament_python' and name 'project_01'
[2.496s] Level 1:colcon.colcon_core.package_discovery:discover_packages(recursive) using defaults
[2.496s] Level 1:colcon.colcon_core.package_discovery:discover_packages(ignore) discover
[2.496s] Level 1:colcon.colcon_core.package_discovery:discover_packages(ignore) using defaults
[2.496s] Level 1:colcon.colcon_core.package_discovery:discover_packages(path) discover
[2.496s] Level 1:colcon.colcon_core.package_discovery:discover_packages(path) using defaults
[2.624s] Level 1:colcon.colcon_core.package_discovery:discover_packages(prefix_path) check parameters
[2.624s] Level 1:colcon.colcon_core.package_discovery:discover_packages(prefix_path) discover
[2.644s] DEBUG:colcon.colcon_installed_package_information.package_discovery:Found 0 installed packages in /home/tarikul69/ros2_project/src/project_01/project_01/install
[2.646s] DEBUG:colcon.colcon_installed_package_information.package_discovery:Found 1 installed packages in /home/tarikul69/ros2_project/install
[2.652s] DEBUG:colcon.colcon_installed_package_information.package_discovery:Found 338 installed packages in /opt/ros/humble
[2.663s] Level 1:colcon.colcon_core.package_discovery:discover_packages(prefix_path) using defaults
[3.445s] Level 5:colcon.colcon_core.verb:set package 'project_01' build argument 'cmake_args' from command line to 'None'
[3.445s] Level 5:colcon.colcon_core.verb:set package 'project_01' build argument 'cmake_target' from command line to 'None'
[3.445s] Level 5:colcon.colcon_core.verb:set package 'project_01' build argument 'cmake_target_skip_unavailable' from command line to 'False'
[3.445s] Level 5:colcon.colcon_core.verb:set package 'project_01' build argument 'cmake_clean_cache' from command line to 'False'
[3.445s] Level 5:colcon.colcon_core.verb:set package 'project_01' build argument 'cmake_clean_first' from command line to 'False'
[3.445s] Level 5:colcon.colcon_core.verb:set package 'project_01' build argument 'cmake_force_configure' from command line to 'False'
[3.445s] Level 5:colcon.colcon_core.verb:set package 'project_01' build argument 'ament_cmake_args' from command line to 'None'
[3.445s] Level 5:colcon.colcon_core.verb:set package 'project_01' build argument 'catkin_cmake_args' from command line to 'None'
[3.445s] Level 5:colcon.colcon_core.verb:set package 'project_01' build argument 'catkin_skip_building_tests' from command line to 'False'
[3.445s] DEBUG:colcon.colcon_core.verb:Building package 'project_01' with the following arguments: {'ament_cmake_args': None, 'build_base': '/home/tarikul69/ros2_project/src/project_01/build/project_01', 'catkin_cmake_args': None, 'catkin_skip_building_tests': False, 'cmake_args': None, 'cmake_clean_cache': False, 'cmake_clean_first': False, 'cmake_force_configure': False, 'cmake_target': None, 'cmake_target_skip_unavailable': False, 'install_base': '/home/tarikul69/ros2_project/src/project_01/install/project_01', 'merge_install': False, 'path': '/home/tarikul69/ros2_project/src/project_01', 'symlink_install': False, 'test_result_base': None}
[3.446s] INFO:colcon.colcon_core.executor:Executing jobs using 'parallel' executor
[3.459s] DEBUG:colcon.colcon_parallel_executor.executor.parallel:run_until_complete
[3.471s] INFO:colcon.colcon_ros.task.ament_python.build:Building ROS package in '/home/tarikul69/ros2_project/src/project_01' with build type 'ament_python'
[3.473s] Level 1:colcon.colcon_core.shell:create_environment_hook('project_01', 'ament_prefix_path')
[3.505s] INFO:colcon.colcon_core.plugin_system:Skipping extension 'colcon_core.shell.bat': Not used on non-Windows systems
[3.509s] INFO:colcon.colcon_core.shell:Creating environment hook '/home/tarikul69/ros2_project/src/project_01/install/project_01/share/project_01/hook/ament_prefix_path.ps1'
[3.523s] INFO:colcon.colcon_core.shell:Creating environment descriptor '/home/tarikul69/ros2_project/src/project_01/install/project_01/share/project_01/hook/ament_prefix_path.dsv'
[3.540s] INFO:colcon.colcon_core.shell:Creating environment hook '/home/tarikul69/ros2_project/src/project_01/install/project_01/share/project_01/hook/ament_prefix_path.sh'
[3.556s] INFO:colcon.colcon_core.shell:Skip shell extension 'powershell' for command environment: Not usable outside of PowerShell
[3.556s] DEBUG:colcon.colcon_core.shell:Skip shell extension 'dsv' for command environment
[4.468s] INFO:colcon.colcon_core.task.python.build:Building Python package in '/home/tarikul69/ros2_project/src/project_01'
[4.470s] INFO:colcon.colcon_core.shell:Skip shell extension 'powershell' for command environment: Not usable outside of PowerShell
[4.470s] DEBUG:colcon.colcon_core.shell:Skip shell extension 'dsv' for command environment
[5.896s] DEBUG:colcon.colcon_core.event_handler.log_command:Invoking command in '/home/tarikul69/ros2_project/src/project_01': PYTHONPATH=/home/tarikul69/ros2_project/src/project_01/build/project_01/prefix_override:/usr/lib/python3/dist-packages/colcon_core/task/python/colcon_distutils_commands:/home/tarikul69/ros2_project/src/project_01/install/project_01/lib/python3.10/site-packages:${PYTHONPATH} /usr/bin/python3 -W ignore:setup.py install is deprecated -W ignore:easy_install command is deprecated setup.py egg_info --egg-base build/project_01 build --build-base /home/tarikul69/ros2_project/src/project_01/build/project_01/build install --record /home/tarikul69/ros2_project/src/project_01/build/project_01/install.log --single-version-externally-managed install_data
[6.863s] DEBUG:colcon.colcon_core.event_handler.log_command:Invoked command in '/home/tarikul69/ros2_project/src/project_01' returned '0': PYTHONPATH=/home/tarikul69/ros2_project/src/project_01/build/project_01/prefix_override:/usr/lib/python3/dist-packages/colcon_core/task/python/colcon_distutils_commands:/home/tarikul69/ros2_project/src/project_01/install/project_01/lib/python3.10/site-packages:${PYTHONPATH} /usr/bin/python3 -W ignore:setup.py install is deprecated -W ignore:easy_install command is deprecated setup.py egg_info --egg-base build/project_01 build --build-base /home/tarikul69/ros2_project/src/project_01/build/project_01/build install --record /home/tarikul69/ros2_project/src/project_01/build/project_01/install.log --single-version-externally-managed install_data
[6.921s] Level 1:colcon.colcon_core.environment:checking '/home/tarikul69/ros2_project/src/project_01/install/project_01' for CMake module files
[6.922s] Level 1:colcon.colcon_core.environment:checking '/home/tarikul69/ros2_project/src/project_01/install/project_01' for CMake config files
[6.929s] Level 1:colcon.colcon_core.environment:checking '/home/tarikul69/ros2_project/src/project_01/install/project_01/lib'
[6.929s] Level 1:colcon.colcon_core.environment:checking '/home/tarikul69/ros2_project/src/project_01/install/project_01/bin'
[6.929s] Level 1:colcon.colcon_core.environment:checking '/home/tarikul69/ros2_project/src/project_01/install/project_01/lib/pkgconfig/project_01.pc'
[6.929s] Level 1:colcon.colcon_core.environment:checking '/home/tarikul69/ros2_project/src/project_01/install/project_01/lib/python3.10/site-packages'
[6.930s] Level 1:colcon.colcon_core.shell:create_environment_hook('project_01', 'pythonpath')
[6.930s] INFO:colcon.colcon_core.shell:Creating environment hook '/home/tarikul69/ros2_project/src/project_01/install/project_01/share/project_01/hook/pythonpath.ps1'
[6.931s] INFO:colcon.colcon_core.shell:Creating environment descriptor '/home/tarikul69/ros2_project/src/project_01/install/project_01/share/project_01/hook/pythonpath.dsv'
[6.937s] INFO:colcon.colcon_core.shell:Creating environment hook '/home/tarikul69/ros2_project/src/project_01/install/project_01/share/project_01/hook/pythonpath.sh'
[6.939s] Level 1:colcon.colcon_core.environment:checking '/home/tarikul69/ros2_project/src/project_01/install/project_01/bin'
[6.940s] Level 1:colcon.colcon_core.environment:create_environment_scripts_only(project_01)
[6.941s] INFO:colcon.colcon_core.shell:Creating package script '/home/tarikul69/ros2_project/src/project_01/install/project_01/share/project_01/package.ps1'
[6.945s] INFO:colcon.colcon_core.shell:Creating package descriptor '/home/tarikul69/ros2_project/src/project_01/install/project_01/share/project_01/package.dsv'
[6.962s] INFO:colcon.colcon_core.shell:Creating package script '/home/tarikul69/ros2_project/src/project_01/install/project_01/share/project_01/package.sh'
[6.969s] INFO:colcon.colcon_core.shell:Creating package script '/home/tarikul69/ros2_project/src/project_01/install/project_01/share/project_01/package.bash'
[6.973s] INFO:colcon.colcon_core.shell:Creating package script '/home/tarikul69/ros2_project/src/project_01/install/project_01/share/project_01/package.zsh'
[6.983s] Level 1:colcon.colcon_core.environment:create_file_with_runtime_dependencies(/home/tarikul69/ros2_project/src/project_01/install/project_01/share/colcon-core/packages/project_01)
[6.986s] DEBUG:colcon.colcon_parallel_executor.executor.parallel:closing loop
[6.989s] DEBUG:colcon.colcon_parallel_executor.executor.parallel:loop closed
[6.990s] DEBUG:colcon.colcon_parallel_executor.executor.parallel:run_until_complete finished with '0'
[6.990s] DEBUG:colcon.colcon_core.event_reactor:joining thread
[7.068s] INFO:colcon.colcon_core.plugin_system:Skipping extension 'colcon_notification.desktop_notification.terminal_notifier': Not used on non-Darwin systems
[7.068s] INFO:colcon.colcon_core.plugin_system:Skipping extension 'colcon_notification.desktop_notification.win32': Not used on non-Windows systems
[7.068s] INFO:colcon.colcon_notification.desktop_notification:Sending desktop notification using 'notify2'
[7.152s] DEBUG:colcon.colcon_core.event_reactor:joined thread
[7.152s] INFO:colcon.colcon_core.shell:Creating prefix script '/home/tarikul69/ros2_project/src/project_01/install/local_setup.ps1'
[7.174s] INFO:colcon.colcon_core.shell:Creating prefix util module '/home/tarikul69/ros2_project/src/project_01/install/_local_setup_util_ps1.py'
[7.184s] INFO:colcon.colcon_core.shell:Creating prefix chain script '/home/tarikul69/ros2_project/src/project_01/install/setup.ps1'
[7.204s] INFO:colcon.colcon_core.shell:Creating prefix script '/home/tarikul69/ros2_project/src/project_01/install/local_setup.sh'
[7.229s] INFO:colcon.colcon_core.shell:Creating prefix util module '/home/tarikul69/ros2_project/src/project_01/install/_local_setup_util_sh.py'
[7.233s] INFO:colcon.colcon_core.shell:Creating prefix chain script '/home/tarikul69/ros2_project/src/project_01/install/setup.sh'
[7.240s] INFO:colcon.colcon_core.shell:Creating prefix script '/home/tarikul69/ros2_project/src/project_01/install/local_setup.bash'
[7.305s] INFO:colcon.colcon_core.shell:Creating prefix chain script '/home/tarikul69/ros2_project/src/project_01/install/setup.bash'
[7.323s] INFO:colcon.colcon_core.shell:Creating prefix script '/home/tarikul69/ros2_project/src/project_01/install/local_setup.zsh'
[7.329s] INFO:colcon.colcon_core.shell:Creating prefix chain script '/home/tarikul69/ros2_project/src/project_01/install/setup.zsh'
