running egg_info
creating build/project_01/project_01.egg-info
writing build/project_01/project_01.egg-info/PKG-INFO
writing dependency_links to build/project_01/project_01.egg-info/dependency_links.txt
writing entry points to build/project_01/project_01.egg-info/entry_points.txt
writing requirements to build/project_01/project_01.egg-info/requires.txt
writing top-level names to build/project_01/project_01.egg-info/top_level.txt
writing manifest file 'build/project_01/project_01.egg-info/SOURCES.txt'
reading manifest file 'build/project_01/project_01.egg-info/SOURCES.txt'
writing manifest file 'build/project_01/project_01.egg-info/SOURCES.txt'
running build
running build_py
creating /home/tarikul69/ros2_project/src/project_01/build/project_01/build
creating /home/tarikul69/ros2_project/src/project_01/build/project_01/build/lib
creating /home/tarikul69/ros2_project/src/project_01/build/project_01/build/lib/project_01
copying project_01/__init__.py -> /home/tarikul69/ros2_project/src/project_01/build/project_01/build/lib/project_01
copying project_01/draw_circle.py -> /home/tarikul69/ros2_project/src/project_01/build/project_01/build/lib/project_01
copying project_01/controller_node.py -> /home/tarikul69/ros2_project/src/project_01/build/project_01/build/lib/project_01
copying project_01/object_detection.py -> /home/tarikul69/ros2_project/src/project_01/build/project_01/build/lib/project_01
running install
running install_lib
creating /home/tarikul69/ros2_project/src/project_01/install/project_01/lib/python3.10/site-packages/project_01
copying /home/tarikul69/ros2_project/src/project_01/build/project_01/build/lib/project_01/__init__.py -> /home/tarikul69/ros2_project/src/project_01/install/project_01/lib/python3.10/site-packages/project_01
copying /home/tarikul69/ros2_project/src/project_01/build/project_01/build/lib/project_01/draw_circle.py -> /home/tarikul69/ros2_project/src/project_01/install/project_01/lib/python3.10/site-packages/project_01
copying /home/tarikul69/ros2_project/src/project_01/build/project_01/build/lib/project_01/controller_node.py -> /home/tarikul69/ros2_project/src/project_01/install/project_01/lib/python3.10/site-packages/project_01
copying /home/tarikul69/ros2_project/src/project_01/build/project_01/build/lib/project_01/object_detection.py -> /home/tarikul69/ros2_project/src/project_01/install/project_01/lib/python3.10/site-packages/project_01
byte-compiling /home/tarikul69/ros2_project/src/project_01/install/project_01/lib/python3.10/site-packages/project_01/__init__.py to __init__.cpython-310.pyc
byte-compiling /home/tarikul69/ros2_project/src/project_01/install/project_01/lib/python3.10/site-packages/project_01/draw_circle.py to draw_circle.cpython-310.pyc
byte-compiling /home/tarikul69/ros2_project/src/project_01/install/project_01/lib/python3.10/site-packages/project_01/controller_node.py to controller_node.cpython-310.pyc
byte-compiling /home/tarikul69/ros2_project/src/project_01/install/project_01/lib/python3.10/site-packages/project_01/object_detection.py to object_detection.cpython-310.pyc
running install_data
creating /home/tarikul69/ros2_project/src/project_01/install/project_01/share/ament_index
creating /home/tarikul69/ros2_project/src/project_01/install/project_01/share/ament_index/resource_index
creating /home/tarikul69/ros2_project/src/project_01/install/project_01/share/ament_index/resource_index/packages
copying resource/project_01 -> /home/tarikul69/ros2_project/src/project_01/install/project_01/share/ament_index/resource_index/packages
copying package.xml -> /home/tarikul69/ros2_project/src/project_01/install/project_01/share/project_01
running install_egg_info
Copying build/project_01/project_01.egg-info to /home/tarikul69/ros2_project/src/project_01/install/project_01/lib/python3.10/site-packages/project_01-0.0.0-py3.10.egg-info
running install_scripts
Installing controller_node script to /home/tarikul69/ros2_project/src/project_01/install/project_01/lib/project_01
Installing draw_circle script to /home/tarikul69/ros2_project/src/project_01/install/project_01/lib/project_01
Installing my_node script to /home/tarikul69/ros2_project/src/project_01/install/project_01/lib/project_01
writing list of installed files to '/home/tarikul69/ros2_project/src/project_01/build/project_01/install.log'
