[2.372s] DEBUG:colcon:Command line arguments: ['/usr/bin/colcon', 'build']
[2.372s] DEBUG:colcon:Parsed command line arguments: Namespace(log_base=None, log_level=None, verb_name='build', build_base='build', install_base='install', merge_install=False, symlink_install=False, test_result_base=None, continue_on_error=False, executor='parallel', parallel_workers=3, event_handlers=None, ignore_user_meta=False, metas=['./colcon.meta'], base_paths=['.'], packages_ignore=None, packages_ignore_regex=None, paths=None, packages_up_to=None, packages_up_to_regex=None, packages_above=None, packages_above_and_dependencies=None, packages_above_depth=None, packages_select_by_dep=None, packages_skip_by_dep=None, packages_skip_up_to=None, packages_select_build_failed=False, packages_skip_build_finished=False, packages_select_test_failures=False, packages_skip_test_passed=False, packages_select=None, packages_skip=None, packages_select_regex=None, packages_skip_regex=None, packages_start=None, packages_end=None, allow_overriding=[], cmake_args=None, cmake_target=None, cmake_target_skip_unavailable=False, cmake_clean_cache=False, cmake_clean_first=False, cmake_force_configure=False, ament_cmake_args=None, catkin_cmake_args=None, catkin_skip_building_tests=False, mixin_files=None, mixin=None, verb_parser=<colcon_mixin.mixin.mixin_argument.MixinArgumentDecorator object at 0x7b02f02ce7a0>, verb_extension=<colcon_core.verb.build.BuildVerb object at 0x7b02f02ce1a0>, main=<bound method BuildVerb.main of <colcon_core.verb.build.BuildVerb object at 0x7b02f02ce1a0>>, mixin_verb=('build',))
[4.466s] Level 1:colcon.colcon_core.package_discovery:discover_packages(colcon_meta) check parameters
[4.467s] Level 1:colcon.colcon_core.package_discovery:discover_packages(recursive) check parameters
[4.467s] Level 1:colcon.colcon_core.package_discovery:discover_packages(ignore) check parameters
[4.467s] Level 1:colcon.colcon_core.package_discovery:discover_packages(path) check parameters
[4.467s] Level 1:colcon.colcon_core.package_discovery:discover_packages(colcon_meta) discover
[4.467s] Level 1:colcon.colcon_core.package_discovery:discover_packages(recursive) discover
[4.467s] INFO:colcon.colcon_core.package_discovery:Crawling recursively for packages in '/home/tarikul69/ros2_project/src/project_01/project_01'
[4.468s] Level 1:colcon.colcon_core.package_identification:_identify(.) by extensions ['ignore', 'ignore_ament_install']
[4.468s] Level 1:colcon.colcon_core.package_identification:_identify(.) by extension 'ignore'
[4.468s] Level 1:colcon.colcon_core.package_identification:_identify(.) by extension 'ignore_ament_install'
[4.469s] Level 1:colcon.colcon_core.package_identification:_identify(.) by extensions ['colcon_pkg']
[4.469s] Level 1:colcon.colcon_core.package_identification:_identify(.) by extension 'colcon_pkg'
[4.469s] Level 1:colcon.colcon_core.package_identification:_identify(.) by extensions ['colcon_meta']
[4.469s] Level 1:colcon.colcon_core.package_identification:_identify(.) by extension 'colcon_meta'
[4.469s] Level 1:colcon.colcon_core.package_identification:_identify(.) by extensions ['ros']
[4.469s] Level 1:colcon.colcon_core.package_identification:_identify(.) by extension 'ros'
[4.541s] Level 1:colcon.colcon_core.package_identification:_identify(.) by extensions ['cmake', 'python']
[4.541s] Level 1:colcon.colcon_core.package_identification:_identify(.) by extension 'cmake'
[4.542s] Level 1:colcon.colcon_core.package_identification:_identify(.) by extension 'python'
[4.542s] Level 1:colcon.colcon_core.package_identification:_identify(.) by extensions ['python_setup_py']
[4.542s] Level 1:colcon.colcon_core.package_identification:_identify(.) by extension 'python_setup_py'
[4.543s] Level 1:colcon.colcon_core.package_identification:_identify(__pycache__) by extensions ['ignore', 'ignore_ament_install']
[4.544s] Level 1:colcon.colcon_core.package_identification:_identify(__pycache__) by extension 'ignore'
[4.545s] Level 1:colcon.colcon_core.package_identification:_identify(__pycache__) by extension 'ignore_ament_install'
[4.545s] Level 1:colcon.colcon_core.package_identification:_identify(__pycache__) by extensions ['colcon_pkg']
[4.545s] Level 1:colcon.colcon_core.package_identification:_identify(__pycache__) by extension 'colcon_pkg'
[4.545s] Level 1:colcon.colcon_core.package_identification:_identify(__pycache__) by extensions ['colcon_meta']
[4.546s] Level 1:colcon.colcon_core.package_identification:_identify(__pycache__) by extension 'colcon_meta'
[4.546s] Level 1:colcon.colcon_core.package_identification:_identify(__pycache__) by extensions ['ros']
[4.547s] Level 1:colcon.colcon_core.package_identification:_identify(__pycache__) by extension 'ros'
[4.547s] Level 1:colcon.colcon_core.package_identification:_identify(__pycache__) by extensions ['cmake', 'python']
[4.547s] Level 1:colcon.colcon_core.package_identification:_identify(__pycache__) by extension 'cmake'
[4.547s] Level 1:colcon.colcon_core.package_identification:_identify(__pycache__) by extension 'python'
[4.547s] Level 1:colcon.colcon_core.package_identification:_identify(__pycache__) by extensions ['python_setup_py']
[4.548s] Level 1:colcon.colcon_core.package_identification:_identify(__pycache__) by extension 'python_setup_py'
[4.548s] Level 1:colcon.colcon_core.package_identification:_identify(build) by extensions ['ignore', 'ignore_ament_install']
[4.548s] Level 1:colcon.colcon_core.package_identification:_identify(build) by extension 'ignore'
[4.548s] Level 1:colcon.colcon_core.package_identification:_identify(build) ignored
[4.549s] Level 1:colcon.colcon_core.package_identification:_identify(install) by extensions ['ignore', 'ignore_ament_install']
[4.549s] Level 1:colcon.colcon_core.package_identification:_identify(install) by extension 'ignore'
[4.549s] Level 1:colcon.colcon_core.package_identification:_identify(install) ignored
[4.549s] Level 1:colcon.colcon_core.package_identification:_identify(log) by extensions ['ignore', 'ignore_ament_install']
[4.549s] Level 1:colcon.colcon_core.package_identification:_identify(log) by extension 'ignore'
[4.550s] Level 1:colcon.colcon_core.package_identification:_identify(log) ignored
[4.550s] Level 1:colcon.colcon_core.package_discovery:discover_packages(recursive) using defaults
[4.550s] Level 1:colcon.colcon_core.package_discovery:discover_packages(ignore) discover
[4.550s] Level 1:colcon.colcon_core.package_discovery:discover_packages(ignore) using defaults
[4.550s] Level 1:colcon.colcon_core.package_discovery:discover_packages(path) discover
[4.550s] Level 1:colcon.colcon_core.package_discovery:discover_packages(path) using defaults
[4.725s] Level 1:colcon.colcon_core.package_discovery:discover_packages(prefix_path) check parameters
[4.725s] Level 1:colcon.colcon_core.package_discovery:discover_packages(prefix_path) discover
[4.757s] DEBUG:colcon.colcon_installed_package_information.package_discovery:Found 0 installed packages in /home/tarikul69/ros2_project/src/project_01/project_01/install
[4.761s] DEBUG:colcon.colcon_installed_package_information.package_discovery:Found 1 installed packages in /home/tarikul69/ros2_project/src/project_01/install
[4.763s] DEBUG:colcon.colcon_installed_package_information.package_discovery:Found 1 installed packages in /home/tarikul69/ros2_project/install
[4.790s] DEBUG:colcon.colcon_installed_package_information.package_discovery:Found 338 installed packages in /opt/ros/humble
[4.797s] Level 1:colcon.colcon_core.package_discovery:discover_packages(prefix_path) using defaults
[5.522s] INFO:colcon.colcon_core.executor:Executing jobs using 'parallel' executor
[5.524s] DEBUG:colcon.colcon_parallel_executor.executor.parallel:run_until_complete
[5.525s] DEBUG:colcon.colcon_parallel_executor.executor.parallel:closing loop
[5.525s] DEBUG:colcon.colcon_parallel_executor.executor.parallel:loop closed
[5.525s] DEBUG:colcon.colcon_parallel_executor.executor.parallel:run_until_complete finished with '0'
[5.525s] DEBUG:colcon.colcon_core.event_reactor:joining thread
[5.646s] INFO:colcon.colcon_core.plugin_system:Skipping extension 'colcon_notification.desktop_notification.terminal_notifier': Not used on non-Darwin systems
[5.646s] INFO:colcon.colcon_core.plugin_system:Skipping extension 'colcon_notification.desktop_notification.win32': Not used on non-Windows systems
[5.647s] INFO:colcon.colcon_notification.desktop_notification:Sending desktop notification using 'notify2'
[6.681s] DEBUG:colcon.colcon_core.event_reactor:joined thread
[6.756s] INFO:colcon.colcon_core.plugin_system:Skipping extension 'colcon_core.shell.bat': Not used on non-Windows systems
[6.758s] INFO:colcon.colcon_core.shell:Creating prefix script '/home/tarikul69/ros2_project/src/project_01/project_01/install/local_setup.ps1'
[6.767s] INFO:colcon.colcon_core.shell:Creating prefix util module '/home/tarikul69/ros2_project/src/project_01/project_01/install/_local_setup_util_ps1.py'
[6.778s] INFO:colcon.colcon_core.shell:Creating prefix chain script '/home/tarikul69/ros2_project/src/project_01/project_01/install/setup.ps1'
[6.804s] INFO:colcon.colcon_core.shell:Creating prefix script '/home/tarikul69/ros2_project/src/project_01/project_01/install/local_setup.sh'
[6.808s] INFO:colcon.colcon_core.shell:Creating prefix util module '/home/tarikul69/ros2_project/src/project_01/project_01/install/_local_setup_util_sh.py'
[6.810s] INFO:colcon.colcon_core.shell:Creating prefix chain script '/home/tarikul69/ros2_project/src/project_01/project_01/install/setup.sh'
[6.827s] INFO:colcon.colcon_core.shell:Creating prefix script '/home/tarikul69/ros2_project/src/project_01/project_01/install/local_setup.bash'
[6.834s] INFO:colcon.colcon_core.shell:Creating prefix chain script '/home/tarikul69/ros2_project/src/project_01/project_01/install/setup.bash'
[6.847s] INFO:colcon.colcon_core.shell:Creating prefix script '/home/tarikul69/ros2_project/src/project_01/project_01/install/local_setup.zsh'
[6.855s] INFO:colcon.colcon_core.shell:Creating prefix chain script '/home/tarikul69/ros2_project/src/project_01/project_01/install/setup.zsh'
