/home/tarikul69/ros2_project/src/project_01/install/project_01/lib/python3.10/site-packages/project_01/__init__.py
/home/tarikul69/ros2_project/src/project_01/install/project_01/lib/python3.10/site-packages/project_01/draw_circle.py
/home/tarikul69/ros2_project/src/project_01/install/project_01/lib/python3.10/site-packages/project_01/controller_node.py
/home/tarikul69/ros2_project/src/project_01/install/project_01/lib/python3.10/site-packages/project_01/object_detection.py
/home/tarikul69/ros2_project/src/project_01/install/project_01/lib/python3.10/site-packages/project_01/__pycache__/__init__.cpython-310.pyc
/home/tarikul69/ros2_project/src/project_01/install/project_01/lib/python3.10/site-packages/project_01/__pycache__/draw_circle.cpython-310.pyc
/home/tarikul69/ros2_project/src/project_01/install/project_01/lib/python3.10/site-packages/project_01/__pycache__/controller_node.cpython-310.pyc
/home/tarikul69/ros2_project/src/project_01/install/project_01/lib/python3.10/site-packages/project_01/__pycache__/object_detection.cpython-310.pyc
/home/tarikul69/ros2_project/src/project_01/install/project_01/share/ament_index/resource_index/packages/project_01
/home/tarikul69/ros2_project/src/project_01/install/project_01/share/project_01/package.xml
/home/tarikul69/ros2_project/src/project_01/install/project_01/lib/python3.10/site-packages/project_01-0.0.0-py3.10.egg-info/SOURCES.txt
/home/tarikul69/ros2_project/src/project_01/install/project_01/lib/python3.10/site-packages/project_01-0.0.0-py3.10.egg-info/entry_points.txt
/home/tarikul69/ros2_project/src/project_01/install/project_01/lib/python3.10/site-packages/project_01-0.0.0-py3.10.egg-info/PKG-INFO
/home/tarikul69/ros2_project/src/project_01/install/project_01/lib/python3.10/site-packages/project_01-0.0.0-py3.10.egg-info/dependency_links.txt
/home/tarikul69/ros2_project/src/project_01/install/project_01/lib/python3.10/site-packages/project_01-0.0.0-py3.10.egg-info/top_level.txt
/home/tarikul69/ros2_project/src/project_01/install/project_01/lib/python3.10/site-packages/project_01-0.0.0-py3.10.egg-info/zip-safe
/home/tarikul69/ros2_project/src/project_01/install/project_01/lib/python3.10/site-packages/project_01-0.0.0-py3.10.egg-info/requires.txt
/home/tarikul69/ros2_project/src/project_01/install/project_01/lib/project_01/controller_node
/home/tarikul69/ros2_project/src/project_01/install/project_01/lib/project_01/draw_circle
/home/tarikul69/ros2_project/src/project_01/install/project_01/lib/project_01/my_node
