[3.933s] DEBUG:colcon:Command line arguments: ['/usr/bin/colcon', 'build']
[3.934s] DEBUG:colcon:Parsed command line arguments: Namespace(log_base=None, log_level=None, verb_name='build', build_base='build', install_base='install', merge_install=False, symlink_install=False, test_result_base=None, continue_on_error=False, executor='parallel', parallel_workers=3, event_handlers=None, ignore_user_meta=False, metas=['./colcon.meta'], base_paths=['.'], packages_ignore=None, packages_ignore_regex=None, paths=None, packages_up_to=None, packages_up_to_regex=None, packages_above=None, packages_above_and_dependencies=None, packages_above_depth=None, packages_select_by_dep=None, packages_skip_by_dep=None, packages_skip_up_to=None, packages_select_build_failed=False, packages_skip_build_finished=False, packages_select_test_failures=False, packages_skip_test_passed=False, packages_select=None, packages_skip=None, packages_select_regex=None, packages_skip_regex=None, packages_start=None, packages_end=None, allow_overriding=[], cmake_args=None, cmake_target=None, cmake_target_skip_unavailable=False, cmake_clean_cache=False, cmake_clean_first=False, cmake_force_configure=False, ament_cmake_args=None, catkin_cmake_args=None, catkin_skip_building_tests=False, mixin_files=None, mixin=None, verb_parser=<colcon_mixin.mixin.mixin_argument.MixinArgumentDecorator object at 0x77e0ee2d5f60>, verb_extension=<colcon_core.verb.build.BuildVerb object at 0x77e0ee2d5960>, main=<bound method BuildVerb.main of <colcon_core.verb.build.BuildVerb object at 0x77e0ee2d5960>>, mixin_verb=('build',))
[6.526s] Level 1:colcon.colcon_core.package_discovery:discover_packages(colcon_meta) check parameters
[6.527s] Level 1:colcon.colcon_core.package_discovery:discover_packages(recursive) check parameters
[6.527s] Level 1:colcon.colcon_core.package_discovery:discover_packages(ignore) check parameters
[6.527s] Level 1:colcon.colcon_core.package_discovery:discover_packages(path) check parameters
[6.527s] Level 1:colcon.colcon_core.package_discovery:discover_packages(colcon_meta) discover
[6.527s] Level 1:colcon.colcon_core.package_discovery:discover_packages(recursive) discover
[6.528s] INFO:colcon.colcon_core.package_discovery:Crawling recursively for packages in '/home/tarikul69/ros2_project/src/project_01'
[6.528s] Level 1:colcon.colcon_core.package_identification:_identify(.) by extensions ['ignore', 'ignore_ament_install']
[6.528s] Level 1:colcon.colcon_core.package_identification:_identify(.) by extension 'ignore'
[6.528s] Level 1:colcon.colcon_core.package_identification:_identify(.) by extension 'ignore_ament_install'
[6.528s] Level 1:colcon.colcon_core.package_identification:_identify(.) by extensions ['colcon_pkg']
[6.528s] Level 1:colcon.colcon_core.package_identification:_identify(.) by extension 'colcon_pkg'
[6.528s] Level 1:colcon.colcon_core.package_identification:_identify(.) by extensions ['colcon_meta']
[6.528s] Level 1:colcon.colcon_core.package_identification:_identify(.) by extension 'colcon_meta'
[6.528s] Level 1:colcon.colcon_core.package_identification:_identify(.) by extensions ['ros']
[6.528s] Level 1:colcon.colcon_core.package_identification:_identify(.) by extension 'ros'
[6.618s] DEBUG:colcon.colcon_core.package_identification:Package '.' with type 'ros.ament_python' and name 'project_01'
[6.618s] Level 1:colcon.colcon_core.package_discovery:discover_packages(recursive) using defaults
[6.618s] Level 1:colcon.colcon_core.package_discovery:discover_packages(ignore) discover
[6.618s] Level 1:colcon.colcon_core.package_discovery:discover_packages(ignore) using defaults
[6.618s] Level 1:colcon.colcon_core.package_discovery:discover_packages(path) discover
[6.618s] Level 1:colcon.colcon_core.package_discovery:discover_packages(path) using defaults
[6.860s] Level 1:colcon.colcon_core.package_discovery:discover_packages(prefix_path) check parameters
[6.860s] Level 1:colcon.colcon_core.package_discovery:discover_packages(prefix_path) discover
[6.887s] DEBUG:colcon.colcon_installed_package_information.package_discovery:Found 1 installed packages in /home/tarikul69/ros2_project/install
[6.907s] DEBUG:colcon.colcon_installed_package_information.package_discovery:Found 338 installed packages in /opt/ros/humble
[6.911s] Level 1:colcon.colcon_core.package_discovery:discover_packages(prefix_path) using defaults
[8.004s] Level 5:colcon.colcon_core.verb:set package 'project_01' build argument 'cmake_args' from command line to 'None'
[8.005s] Level 5:colcon.colcon_core.verb:set package 'project_01' build argument 'cmake_target' from command line to 'None'
[8.010s] Level 5:colcon.colcon_core.verb:set package 'project_01' build argument 'cmake_target_skip_unavailable' from command line to 'False'
[8.010s] Level 5:colcon.colcon_core.verb:set package 'project_01' build argument 'cmake_clean_cache' from command line to 'False'
[8.011s] Level 5:colcon.colcon_core.verb:set package 'project_01' build argument 'cmake_clean_first' from command line to 'False'
[8.011s] Level 5:colcon.colcon_core.verb:set package 'project_01' build argument 'cmake_force_configure' from command line to 'False'
[8.011s] Level 5:colcon.colcon_core.verb:set package 'project_01' build argument 'ament_cmake_args' from command line to 'None'
[8.012s] Level 5:colcon.colcon_core.verb:set package 'project_01' build argument 'catkin_cmake_args' from command line to 'None'
[8.012s] Level 5:colcon.colcon_core.verb:set package 'project_01' build argument 'catkin_skip_building_tests' from command line to 'False'
[8.012s] DEBUG:colcon.colcon_core.verb:Building package 'project_01' with the following arguments: {'ament_cmake_args': None, 'build_base': '/home/tarikul69/ros2_project/src/project_01/build/project_01', 'catkin_cmake_args': None, 'catkin_skip_building_tests': False, 'cmake_args': None, 'cmake_clean_cache': False, 'cmake_clean_first': False, 'cmake_force_configure': False, 'cmake_target': None, 'cmake_target_skip_unavailable': False, 'install_base': '/home/tarikul69/ros2_project/src/project_01/install/project_01', 'merge_install': False, 'path': '/home/tarikul69/ros2_project/src/project_01', 'symlink_install': False, 'test_result_base': None}
[8.014s] INFO:colcon.colcon_core.executor:Executing jobs using 'parallel' executor
[8.045s] DEBUG:colcon.colcon_parallel_executor.executor.parallel:run_until_complete
[8.046s] INFO:colcon.colcon_ros.task.ament_python.build:Building ROS package in '/home/tarikul69/ros2_project/src/project_01' with build type 'ament_python'
[8.047s] Level 1:colcon.colcon_core.shell:create_environment_hook('project_01', 'ament_prefix_path')
[8.142s] INFO:colcon.colcon_core.plugin_system:Skipping extension 'colcon_core.shell.bat': Not used on non-Windows systems
[8.143s] INFO:colcon.colcon_core.shell:Creating environment hook '/home/tarikul69/ros2_project/src/project_01/install/project_01/share/project_01/hook/ament_prefix_path.ps1'
[8.531s] INFO:colcon.colcon_core.shell:Creating environment descriptor '/home/tarikul69/ros2_project/src/project_01/install/project_01/share/project_01/hook/ament_prefix_path.dsv'
[8.564s] INFO:colcon.colcon_core.shell:Creating environment hook '/home/tarikul69/ros2_project/src/project_01/install/project_01/share/project_01/hook/ament_prefix_path.sh'
[8.685s] INFO:colcon.colcon_core.shell:Skip shell extension 'powershell' for command environment: Not usable outside of PowerShell
[8.686s] DEBUG:colcon.colcon_core.shell:Skip shell extension 'dsv' for command environment
[11.422s] INFO:colcon.colcon_core.task.python.build:Building Python package in '/home/tarikul69/ros2_project/src/project_01'
[11.439s] INFO:colcon.colcon_core.shell:Skip shell extension 'powershell' for command environment: Not usable outside of PowerShell
[11.439s] DEBUG:colcon.colcon_core.shell:Skip shell extension 'dsv' for command environment
[15.530s] DEBUG:colcon.colcon_core.event_handler.log_command:Invoking command in '/home/tarikul69/ros2_project/src/project_01': PYTHONPATH=/home/tarikul69/ros2_project/src/project_01/build/project_01/prefix_override:/usr/lib/python3/dist-packages/colcon_core/task/python/colcon_distutils_commands:/home/tarikul69/ros2_project/src/project_01/install/project_01/lib/python3.10/site-packages:${PYTHONPATH} /usr/bin/python3 -W ignore:setup.py install is deprecated -W ignore:easy_install command is deprecated setup.py egg_info --egg-base build/project_01 build --build-base /home/tarikul69/ros2_project/src/project_01/build/project_01/build install --record /home/tarikul69/ros2_project/src/project_01/build/project_01/install.log --single-version-externally-managed install_data
[18.371s] DEBUG:colcon.colcon_core.event_handler.log_command:Invoked command in '/home/tarikul69/ros2_project/src/project_01' returned '0': PYTHONPATH=/home/tarikul69/ros2_project/src/project_01/build/project_01/prefix_override:/usr/lib/python3/dist-packages/colcon_core/task/python/colcon_distutils_commands:/home/tarikul69/ros2_project/src/project_01/install/project_01/lib/python3.10/site-packages:${PYTHONPATH} /usr/bin/python3 -W ignore:setup.py install is deprecated -W ignore:easy_install command is deprecated setup.py egg_info --egg-base build/project_01 build --build-base /home/tarikul69/ros2_project/src/project_01/build/project_01/build install --record /home/tarikul69/ros2_project/src/project_01/build/project_01/install.log --single-version-externally-managed install_data
[18.517s] Level 1:colcon.colcon_core.environment:checking '/home/tarikul69/ros2_project/src/project_01/install/project_01' for CMake module files
[18.519s] Level 1:colcon.colcon_core.environment:checking '/home/tarikul69/ros2_project/src/project_01/install/project_01' for CMake config files
[18.524s] Level 1:colcon.colcon_core.environment:checking '/home/tarikul69/ros2_project/src/project_01/install/project_01/lib'
[18.532s] Level 1:colcon.colcon_core.environment:checking '/home/tarikul69/ros2_project/src/project_01/install/project_01/bin'
[18.532s] Level 1:colcon.colcon_core.environment:checking '/home/tarikul69/ros2_project/src/project_01/install/project_01/lib/pkgconfig/project_01.pc'
[18.533s] Level 1:colcon.colcon_core.environment:checking '/home/tarikul69/ros2_project/src/project_01/install/project_01/lib/python3.10/site-packages'
[18.533s] Level 1:colcon.colcon_core.shell:create_environment_hook('project_01', 'pythonpath')
[18.537s] INFO:colcon.colcon_core.shell:Creating environment hook '/home/tarikul69/ros2_project/src/project_01/install/project_01/share/project_01/hook/pythonpath.ps1'
[18.539s] INFO:colcon.colcon_core.shell:Creating environment descriptor '/home/tarikul69/ros2_project/src/project_01/install/project_01/share/project_01/hook/pythonpath.dsv'
[18.572s] INFO:colcon.colcon_core.shell:Creating environment hook '/home/tarikul69/ros2_project/src/project_01/install/project_01/share/project_01/hook/pythonpath.sh'
[18.613s] Level 1:colcon.colcon_core.environment:checking '/home/tarikul69/ros2_project/src/project_01/install/project_01/bin'
[18.614s] Level 1:colcon.colcon_core.environment:create_environment_scripts_only(project_01)
[18.614s] INFO:colcon.colcon_core.shell:Creating package script '/home/tarikul69/ros2_project/src/project_01/install/project_01/share/project_01/package.ps1'
[18.618s] INFO:colcon.colcon_core.shell:Creating package descriptor '/home/tarikul69/ros2_project/src/project_01/install/project_01/share/project_01/package.dsv'
[18.620s] INFO:colcon.colcon_core.shell:Creating package script '/home/tarikul69/ros2_project/src/project_01/install/project_01/share/project_01/package.sh'
[18.623s] INFO:colcon.colcon_core.shell:Creating package script '/home/tarikul69/ros2_project/src/project_01/install/project_01/share/project_01/package.bash'
[18.628s] INFO:colcon.colcon_core.shell:Creating package script '/home/tarikul69/ros2_project/src/project_01/install/project_01/share/project_01/package.zsh'
[18.632s] Level 1:colcon.colcon_core.environment:create_file_with_runtime_dependencies(/home/tarikul69/ros2_project/src/project_01/install/project_01/share/colcon-core/packages/project_01)
[18.633s] DEBUG:colcon.colcon_parallel_executor.executor.parallel:closing loop
[18.637s] DEBUG:colcon.colcon_parallel_executor.executor.parallel:loop closed
[18.639s] DEBUG:colcon.colcon_parallel_executor.executor.parallel:run_until_complete finished with '0'
[18.674s] DEBUG:colcon.colcon_core.event_reactor:joining thread
[18.891s] INFO:colcon.colcon_core.plugin_system:Skipping extension 'colcon_notification.desktop_notification.terminal_notifier': Not used on non-Darwin systems
[18.891s] INFO:colcon.colcon_core.plugin_system:Skipping extension 'colcon_notification.desktop_notification.win32': Not used on non-Windows systems
[18.892s] INFO:colcon.colcon_notification.desktop_notification:Sending desktop notification using 'notify2'
[19.744s] DEBUG:colcon.colcon_core.event_reactor:joined thread
[19.749s] INFO:colcon.colcon_core.shell:Creating prefix script '/home/tarikul69/ros2_project/src/project_01/install/local_setup.ps1'
[19.755s] INFO:colcon.colcon_core.shell:Creating prefix util module '/home/tarikul69/ros2_project/src/project_01/install/_local_setup_util_ps1.py'
[19.764s] INFO:colcon.colcon_core.shell:Creating prefix chain script '/home/tarikul69/ros2_project/src/project_01/install/setup.ps1'
[19.770s] INFO:colcon.colcon_core.shell:Creating prefix script '/home/tarikul69/ros2_project/src/project_01/install/local_setup.sh'
[19.773s] INFO:colcon.colcon_core.shell:Creating prefix util module '/home/tarikul69/ros2_project/src/project_01/install/_local_setup_util_sh.py'
[19.775s] INFO:colcon.colcon_core.shell:Creating prefix chain script '/home/tarikul69/ros2_project/src/project_01/install/setup.sh'
[19.788s] INFO:colcon.colcon_core.shell:Creating prefix script '/home/tarikul69/ros2_project/src/project_01/install/local_setup.bash'
[19.792s] INFO:colcon.colcon_core.shell:Creating prefix chain script '/home/tarikul69/ros2_project/src/project_01/install/setup.bash'
[19.799s] INFO:colcon.colcon_core.shell:Creating prefix script '/home/tarikul69/ros2_project/src/project_01/install/local_setup.zsh'
[19.805s] INFO:colcon.colcon_core.shell:Creating prefix chain script '/home/tarikul69/ros2_project/src/project_01/install/setup.zsh'
