[1.567s] DEBUG:colcon:Command line arguments: ['/usr/bin/colcon', 'build']
[1.567s] DEBUG:colcon:Parsed command line arguments: Namespace(log_base=None, log_level=None, verb_name='build', build_base='build', install_base='install', merge_install=False, symlink_install=False, test_result_base=None, continue_on_error=False, executor='parallel', parallel_workers=3, event_handlers=None, ignore_user_meta=False, metas=['./colcon.meta'], base_paths=['.'], packages_ignore=None, packages_ignore_regex=None, paths=None, packages_up_to=None, packages_up_to_regex=None, packages_above=None, packages_above_and_dependencies=None, packages_above_depth=None, packages_select_by_dep=None, packages_skip_by_dep=None, packages_skip_up_to=None, packages_select_build_failed=False, packages_skip_build_finished=False, packages_select_test_failures=False, packages_skip_test_passed=False, packages_select=None, packages_skip=None, packages_select_regex=None, packages_skip_regex=None, packages_start=None, packages_end=None, allow_overriding=[], cmake_args=None, cmake_target=None, cmake_target_skip_unavailable=False, cmake_clean_cache=False, cmake_clean_first=False, cmake_force_configure=False, ament_cmake_args=None, catkin_cmake_args=None, catkin_skip_building_tests=False, mixin_files=None, mixin=None, verb_parser=<colcon_mixin.mixin.mixin_argument.MixinArgumentDecorator object at 0x70950cf55f60>, verb_extension=<colcon_core.verb.build.BuildVerb object at 0x70950cf55960>, main=<bound method BuildVerb.main of <colcon_core.verb.build.BuildVerb object at 0x70950cf55960>>, mixin_verb=('build',))
[4.802s] Level 1:colcon.colcon_core.package_discovery:discover_packages(colcon_meta) check parameters
[4.802s] Level 1:colcon.colcon_core.package_discovery:discover_packages(recursive) check parameters
[4.804s] Level 1:colcon.colcon_core.package_discovery:discover_packages(ignore) check parameters
[4.804s] Level 1:colcon.colcon_core.package_discovery:discover_packages(path) check parameters
[4.804s] Level 1:colcon.colcon_core.package_discovery:discover_packages(colcon_meta) discover
[4.809s] Level 1:colcon.colcon_core.package_discovery:discover_packages(recursive) discover
[4.809s] INFO:colcon.colcon_core.package_discovery:Crawling recursively for packages in '/home/tarikul69/ros2_project/src/project_01/project_01'
[4.810s] Level 1:colcon.colcon_core.package_identification:_identify(.) by extensions ['ignore', 'ignore_ament_install']
[4.811s] Level 1:colcon.colcon_core.package_identification:_identify(.) by extension 'ignore'
[4.811s] Level 1:colcon.colcon_core.package_identification:_identify(.) by extension 'ignore_ament_install'
[4.812s] Level 1:colcon.colcon_core.package_identification:_identify(.) by extensions ['colcon_pkg']
[4.812s] Level 1:colcon.colcon_core.package_identification:_identify(.) by extension 'colcon_pkg'
[4.813s] Level 1:colcon.colcon_core.package_identification:_identify(.) by extensions ['colcon_meta']
[4.813s] Level 1:colcon.colcon_core.package_identification:_identify(.) by extension 'colcon_meta'
[4.813s] Level 1:colcon.colcon_core.package_identification:_identify(.) by extensions ['ros']
[4.813s] Level 1:colcon.colcon_core.package_identification:_identify(.) by extension 'ros'
[4.926s] Level 1:colcon.colcon_core.package_identification:_identify(.) by extensions ['cmake', 'python']
[4.926s] Level 1:colcon.colcon_core.package_identification:_identify(.) by extension 'cmake'
[4.926s] Level 1:colcon.colcon_core.package_identification:_identify(.) by extension 'python'
[4.926s] Level 1:colcon.colcon_core.package_identification:_identify(.) by extensions ['python_setup_py']
[4.926s] Level 1:colcon.colcon_core.package_identification:_identify(.) by extension 'python_setup_py'
[4.927s] Level 1:colcon.colcon_core.package_identification:_identify(__pycache__) by extensions ['ignore', 'ignore_ament_install']
[4.927s] Level 1:colcon.colcon_core.package_identification:_identify(__pycache__) by extension 'ignore'
[4.928s] Level 1:colcon.colcon_core.package_identification:_identify(__pycache__) by extension 'ignore_ament_install'
[4.929s] Level 1:colcon.colcon_core.package_identification:_identify(__pycache__) by extensions ['colcon_pkg']
[4.929s] Level 1:colcon.colcon_core.package_identification:_identify(__pycache__) by extension 'colcon_pkg'
[4.929s] Level 1:colcon.colcon_core.package_identification:_identify(__pycache__) by extensions ['colcon_meta']
[4.929s] Level 1:colcon.colcon_core.package_identification:_identify(__pycache__) by extension 'colcon_meta'
[4.931s] Level 1:colcon.colcon_core.package_identification:_identify(__pycache__) by extensions ['ros']
[4.932s] Level 1:colcon.colcon_core.package_identification:_identify(__pycache__) by extension 'ros'
[4.933s] Level 1:colcon.colcon_core.package_identification:_identify(__pycache__) by extensions ['cmake', 'python']
[4.933s] Level 1:colcon.colcon_core.package_identification:_identify(__pycache__) by extension 'cmake'
[4.933s] Level 1:colcon.colcon_core.package_identification:_identify(__pycache__) by extension 'python'
[4.933s] Level 1:colcon.colcon_core.package_identification:_identify(__pycache__) by extensions ['python_setup_py']
[4.933s] Level 1:colcon.colcon_core.package_identification:_identify(__pycache__) by extension 'python_setup_py'
[4.933s] Level 1:colcon.colcon_core.package_identification:_identify(build) by extensions ['ignore', 'ignore_ament_install']
[4.934s] Level 1:colcon.colcon_core.package_identification:_identify(build) by extension 'ignore'
[4.935s] Level 1:colcon.colcon_core.package_identification:_identify(build) ignored
[4.938s] Level 1:colcon.colcon_core.package_identification:_identify(install) by extensions ['ignore', 'ignore_ament_install']
[4.938s] Level 1:colcon.colcon_core.package_identification:_identify(install) by extension 'ignore'
[4.939s] Level 1:colcon.colcon_core.package_identification:_identify(install) ignored
[4.939s] Level 1:colcon.colcon_core.package_identification:_identify(log) by extensions ['ignore', 'ignore_ament_install']
[4.940s] Level 1:colcon.colcon_core.package_identification:_identify(log) by extension 'ignore'
[4.940s] Level 1:colcon.colcon_core.package_identification:_identify(log) ignored
[4.940s] Level 1:colcon.colcon_core.package_discovery:discover_packages(recursive) using defaults
[4.940s] Level 1:colcon.colcon_core.package_discovery:discover_packages(ignore) discover
[4.940s] Level 1:colcon.colcon_core.package_discovery:discover_packages(ignore) using defaults
[4.940s] Level 1:colcon.colcon_core.package_discovery:discover_packages(path) discover
[4.940s] Level 1:colcon.colcon_core.package_discovery:discover_packages(path) using defaults
[5.400s] Level 1:colcon.colcon_core.package_discovery:discover_packages(prefix_path) check parameters
[5.400s] Level 1:colcon.colcon_core.package_discovery:discover_packages(prefix_path) discover
[5.465s] DEBUG:colcon.colcon_installed_package_information.package_discovery:Found 1 installed packages in /home/tarikul69/ros2_project/install
[5.497s] DEBUG:colcon.colcon_installed_package_information.package_discovery:Found 338 installed packages in /opt/ros/humble
[5.508s] Level 1:colcon.colcon_core.package_discovery:discover_packages(prefix_path) using defaults
[7.017s] INFO:colcon.colcon_core.executor:Executing jobs using 'parallel' executor
[7.048s] DEBUG:colcon.colcon_parallel_executor.executor.parallel:run_until_complete
[7.048s] DEBUG:colcon.colcon_parallel_executor.executor.parallel:closing loop
[7.048s] DEBUG:colcon.colcon_parallel_executor.executor.parallel:loop closed
[7.048s] DEBUG:colcon.colcon_parallel_executor.executor.parallel:run_until_complete finished with '0'
[7.048s] DEBUG:colcon.colcon_core.event_reactor:joining thread
[7.292s] INFO:colcon.colcon_core.plugin_system:Skipping extension 'colcon_notification.desktop_notification.terminal_notifier': Not used on non-Darwin systems
[7.316s] INFO:colcon.colcon_core.plugin_system:Skipping extension 'colcon_notification.desktop_notification.win32': Not used on non-Windows systems
[7.318s] INFO:colcon.colcon_notification.desktop_notification:Sending desktop notification using 'notify2'
[9.676s] DEBUG:colcon.colcon_core.event_reactor:joined thread
[9.729s] INFO:colcon.colcon_core.plugin_system:Skipping extension 'colcon_core.shell.bat': Not used on non-Windows systems
[9.730s] INFO:colcon.colcon_core.shell:Creating prefix script '/home/tarikul69/ros2_project/src/project_01/project_01/install/local_setup.ps1'
[9.757s] INFO:colcon.colcon_core.shell:Creating prefix util module '/home/tarikul69/ros2_project/src/project_01/project_01/install/_local_setup_util_ps1.py'
[9.790s] INFO:colcon.colcon_core.shell:Creating prefix chain script '/home/tarikul69/ros2_project/src/project_01/project_01/install/setup.ps1'
[9.802s] INFO:colcon.colcon_core.shell:Creating prefix script '/home/tarikul69/ros2_project/src/project_01/project_01/install/local_setup.sh'
[9.809s] INFO:colcon.colcon_core.shell:Creating prefix util module '/home/tarikul69/ros2_project/src/project_01/project_01/install/_local_setup_util_sh.py'
[9.817s] INFO:colcon.colcon_core.shell:Creating prefix chain script '/home/tarikul69/ros2_project/src/project_01/project_01/install/setup.sh'
[9.831s] INFO:colcon.colcon_core.shell:Creating prefix script '/home/tarikul69/ros2_project/src/project_01/project_01/install/local_setup.bash'
[9.842s] INFO:colcon.colcon_core.shell:Creating prefix chain script '/home/tarikul69/ros2_project/src/project_01/project_01/install/setup.bash'
[9.852s] INFO:colcon.colcon_core.shell:Creating prefix script '/home/tarikul69/ros2_project/src/project_01/project_01/install/local_setup.zsh'
[9.862s] INFO:colcon.colcon_core.shell:Creating prefix chain script '/home/tarikul69/ros2_project/src/project_01/project_01/install/setup.zsh'
